<?xml version="1.0" encoding="UTF-8"?>
<testsuite xmlns:xsi="http://www.w3.org/2001/XMLSchema-instance" xsi:noNamespaceSchemaLocation="https://maven.apache.org/surefire/maven-surefire-plugin/xsd/surefire-test-report-3.0.xsd" version="3.0" name="net.edigest.journalApp.JournalAppApplicationTests" time="6.65" tests="1" errors="0" skipped="0" failures="0">
  <properties>
[...]
</properties>
  <testcase name="contextLoads" classname="net.edigest.journalApp.JournalAppApplicationTests" time="0.473">
    <system-out><![CDATA[12:06:18.151 [main] INFO org.springframework.test.context.support.AnnotationConfigContextLoaderUtils -- Could not detect default configuration classes for test class [net.edigest.journalApp.JournalAppApplicationTests]: JournalAppApplicationTests does not declare any static, non-private, non-final, nested classes annotated with @Configuration.
12:06:18.261 [main] INFO org.springframework.boot.test.context.SpringBootTestContextBootstrapper -- Found @SpringBootConfiguration net.edigest.journalApp.JournalApplication for test class net.edigest.journalApp.JournalAppApplicationTests
12:06:18.450 [main] INFO org.springframework.boot.devtools.restart.RestartApplicationListener -- Restart disabled due to context in which it is running

  .   ____          _            __ _ _
 /\\ / ___'_ __ _ _(_)_ __  __ _ \ \ \ \
( ( )\___ | '_ | '_| | '_ \/ _` | \ \ \ \
 \\/  ___)| |_)| | | | | || (_| |  ) ) ) )
  '  |____| .__|_| |_|_| |_\__, | / / / /
 =========|_|==============|___/=/_/_/_/

 :: Spring Boot ::                (v3.3.3)

2025-12-12T12:06:18.737+05:30  INFO 9760 --- [Journal App] [           main] n.e.j.JournalAppApplicationTests         : Starting JournalAppApplicationTests using Java 17.0.12 with PID 9760 (started by Aman Vishwakarma in D:\Deployed_projects\JournalApp\journalApp)
2025-12-12T12:06:18.739+05:30  INFO 9760 --- [Journal App] [           main] n.e.j.JournalAppApplicationTests         : The following 1 profile is active: "dev"
2025-12-12T12:06:19.286+05:30  INFO 9760 --- [Journal App] [           main] .s.d.r.c.RepositoryConfigurationDelegate : Multiple Spring Data modules found, entering strict repository configuration mode
2025-12-12T12:06:19.287+05:30  INFO 9760 --- [Journal App] [           main] .s.d.r.c.RepositoryConfigurationDelegate : Bootstrapping Spring Data Redis repositories in DEFAULT mode.
2025-12-12T12:06:19.333+05:30  INFO 9760 --- [Journal App] [           main] .RepositoryConfigurationExtensionSupport : Spring Data Redis - Could not safely identify store assignment for repository candidate interface net.edigest.journalApp.repository.APIsRepository; If you want this repository to be a Redis repository, consider annotating your entities with one of these annotations: org.springframework.data.redis.core.RedisHash (preferred), or consider extending one of the following types with your repository: org.springframework.data.keyvalue.repository.KeyValueRepository
2025-12-12T12:06:19.335+05:30  INFO 9760 --- [Journal App] [           main] .RepositoryConfigurationExtensionSupport : Spring Data Redis - Could not safely identify store assignment for repository candidate interface net.edigest.journalApp.repository.JournalRepository; If you want this repository to be a Redis repository, consider annotating your entities with one of these annotations: org.springframework.data.redis.core.RedisHash (preferred), or consider extending one of the following types with your repository: org.springframework.data.keyvalue.repository.KeyValueRepository
2025-12-12T12:06:19.338+05:30  INFO 9760 --- [Journal App] [           main] .RepositoryConfigurationExtensionSupport : Spring Data Redis - Could not safely identify store assignment for repository candidate interface net.edigest.journalApp.repository.UserRepositor; If you want this repository to be a Redis repository, consider annotating your entities with one of these annotations: org.springframework.data.redis.core.RedisHash (preferred), or consider extending one of the following types with your repository: org.springframework.data.keyvalue.repository.KeyValueRepository
2025-12-12T12:06:19.339+05:30  INFO 9760 --- [Journal App] [           main] .s.d.r.c.RepositoryConfigurationDelegate : Finished Spring Data repository scanning in 29 ms. Found 0 Redis repository interfaces.
2025-12-12T12:06:19.544+05:30  INFO 9760 --- [Journal App] [           main] .s.d.r.c.RepositoryConfigurationDelegate : Multiple Spring Data modules found, entering strict repository configuration mode
2025-12-12T12:06:19.545+05:30  INFO 9760 --- [Journal App] [           main] .s.d.r.c.RepositoryConfigurationDelegate : Bootstrapping Spring Data JPA repositories in DEFAULT mode.
2025-12-12T12:06:19.682+05:30  INFO 9760 --- [Journal App] [           main] .s.d.r.c.RepositoryConfigurationDelegate : Finished Spring Data repository scanning in 132 ms. Found 3 JPA repository interfaces.
2025-12-12T12:06:19.691+05:30  INFO 9760 --- [Journal App] [           main] .s.d.r.c.RepositoryConfigurationDelegate : Multiple Spring Data modules found, entering strict repository configuration mode
2025-12-12T12:06:19.692+05:30  INFO 9760 --- [Journal App] [           main] .s.d.r.c.RepositoryConfigurationDelegate : Bootstrapping Spring Data Redis repositories in DEFAULT mode.
2025-12-12T12:06:19.701+05:30  INFO 9760 --- [Journal App] [           main] .RepositoryConfigurationExtensionSupport : Spring Data Redis - Could not safely identify store assignment for repository candidate interface net.edigest.journalApp.repository.APIsRepository; If you want this repository to be a Redis repository, consider annotating your entities with one of these annotations: org.springframework.data.redis.core.RedisHash (preferred), or consider extending one of the following types with your repository: org.springframework.data.keyvalue.repository.KeyValueRepository
2025-12-12T12:06:19.701+05:30  INFO 9760 --- [Journal App] [           main] .RepositoryConfigurationExtensionSupport : Spring Data Redis - Could not safely identify store assignment for repository candidate interface net.edigest.journalApp.repository.JournalRepository; If you want this repository to be a Redis repository, consider annotating your entities with one of these annotations: org.springframework.data.redis.core.RedisHash (preferred), or consider extending one of the following types with your repository: org.springframework.data.keyvalue.repository.KeyValueRepository
2025-12-12T12:06:19.702+05:30  INFO 9760 --- [Journal App] [           main] .RepositoryConfigurationExtensionSupport : Spring Data Redis - Could not safely identify store assignment for repository candidate interface net.edigest.journalApp.repository.UserRepositor; If you want this repository to be a Redis repository, consider annotating your entities with one of these annotations: org.springframework.data.redis.core.RedisHash (preferred), or consider extending one of the following types with your repository: org.springframework.data.keyvalue.repository.KeyValueRepository
2025-12-12T12:06:19.702+05:30  INFO 9760 --- [Journal App] [           main] .s.d.r.c.RepositoryConfigurationDelegate : Finished Spring Data repository scanning in 8 ms. Found 0 Redis repository interfaces.
2025-12-12T12:06:20.177+05:30  INFO 9760 --- [Journal App] [           main] o.hibernate.jpa.internal.util.LogHelper  : HHH000204: Processing PersistenceUnitInfo [name: default]
2025-12-12T12:06:20.238+05:30  INFO 9760 --- [Journal App] [           main] org.hibernate.Version                    : HHH000412: Hibernate ORM core version 6.5.2.Final
2025-12-12T12:06:20.276+05:30  INFO 9760 --- [Journal App] [           main] o.h.c.internal.RegionFactoryInitiator    : HHH000026: Second-level cache disabled
2025-12-12T12:06:20.669+05:30  INFO 9760 --- [Journal App] [           main] o.s.o.j.p.SpringPersistenceUnitInfo      : No LoadTimeWeaver setup: ignoring JPA class transformer
2025-12-12T12:06:20.701+05:30  INFO 9760 --- [Journal App] [           main] com.zaxxer.hikari.HikariDataSource       : HikariPool-1 - Starting...
2025-12-12T12:06:21.024+05:30  INFO 9760 --- [Journal App] [           main] com.zaxxer.hikari.pool.HikariPool        : HikariPool-1 - Added connection com.mysql.cj.jdbc.ConnectionImpl@26495639
2025-12-12T12:06:21.027+05:30  INFO 9760 --- [Journal App] [           main] com.zaxxer.hikari.HikariDataSource       : HikariPool-1 - Start completed.
2025-12-12T12:06:21.079+05:30  WARN 9760 --- [Journal App] [           main] org.hibernate.orm.deprecation            : HHH90000025: MySQL8Dialect does not need to be specified explicitly using 'hibernate.dialect' (remove the property setting and it will be selected by default)
2025-12-12T12:06:21.080+05:30  WARN 9760 --- [Journal App] [           main] org.hibernate.orm.deprecation            : HHH90000026: MySQL8Dialect has been deprecated; use org.hibernate.dialect.MySQLDialect instead
2025-12-12T12:06:22.098+05:30  INFO 9760 --- [Journal App] [           main] o.h.e.t.j.p.i.JtaPlatformInitiator       : HHH000489: No JTA platform available (set 'hibernate.transaction.jta.platform' to enable JTA platform integration)
2025-12-12T12:06:22.160+05:30  INFO 9760 --- [Journal App] [           main] j.LocalContainerEntityManagerFactoryBean : Initialized JPA EntityManagerFactory for persistence unit 'default'
{Weather_API=http://api.weatherstack.com/current?access_key=<apikey>&query=<city>
}
2025-12-12T12:06:22.990+05:30  WARN 9760 --- [Journal App] [           main] r$InitializeUserDetailsManagerConfigurer : Global AuthenticationManager configured with an AuthenticationProvider bean. UserDetailsService beans will not be used for username/password login. Consider removing the AuthenticationProvider bean. Alternatively, consider using the UserDetailsService in a manually instantiated DaoAuthenticationProvider.
2025-12-12T12:06:23.066+05:30  WARN 9760 --- [Journal App] [           main] JpaBaseConfiguration$JpaWebConfiguration : spring.jpa.open-in-view is enabled by default. Therefore, database queries may be performed during view rendering. Explicitly configure spring.jpa.open-in-view to disable this warning
2025-12-12T12:06:23.722+05:30  INFO 9760 --- [Journal App] [           main] n.e.j.JournalAppApplicationTests         : Started JournalAppApplicationTests in 5.295 seconds (process running for 6.384)
🎉 Redis Event Listener Check Successful!
   Key Set: event_listener_key
[]
]]></system-out>
  </testcase>
</testsuite>